<?xml version="1.0" encoding="UTF-8"?>
<!-- Generated by org.testng.reporters.JUnitReportReporter -->
<testsuite hostname="LAPTOP-IVSO33ML" failures="0" tests="1" name="Utilities.testase" time="3.287" errors="0" timestamp="2022-12-11T21:53:51 IST" skipped="0">
  <testcase classname="Utilities.testase" name="setbase" time="3.287"/>
  <system-out/>
</testsuite> <!-- Utilities.testase -->
